0 info it worked if it ends with ok
1 verbose cli [ 'E:\\fastwork\\nodejs10.35\\\\node.exe',
1 verbose cli   'E:\\fastwork\\nodejs10.35\\node_modules\\npm\\bin\\npm-cli.js',
1 verbose cli   'install' ]
2 info using npm@1.4.28
3 info using node@v0.10.35
4 verbose node symlink E:\fastwork\nodejs10.35\\node.exe
5 warn package.json yahooFinancePipe@1.0.0 No repository field.
6 warn package.json yahooFinancePipe@1.0.0 No README data
7 verbose readDependencies using package.json deps
8 verbose install where, deps [ 'E:\\fastwork\\fastspacework\\sloppytory\\yahooFinancePipe',
8 verbose install   [ 'async',
8 verbose install     'feedparser',
8 verbose install     'good',
8 verbose install     'good-console',
8 verbose install     'hapi',
8 verbose install     'lodash',
8 verbose install     'mongodb',
8 verbose install     'request' ] ]
9 info preinstall yahooFinancePipe@1.0.0
10 verbose readDependencies using package.json deps
11 verbose already installed skipping async@^0.9.0 E:\fastwork\fastspacework\sloppytory\yahooFinancePipe
12 verbose already installed skipping feedparser@^1.0.0 E:\fastwork\fastspacework\sloppytory\yahooFinancePipe
13 verbose already installed skipping good@^5.1.2 E:\fastwork\fastspacework\sloppytory\yahooFinancePipe
14 verbose already installed skipping good-console@^4.1.0 E:\fastwork\fastspacework\sloppytory\yahooFinancePipe
15 verbose already installed skipping hapi@^8.4.0 E:\fastwork\fastspacework\sloppytory\yahooFinancePipe
16 verbose already installed skipping lodash@^3.6.0 E:\fastwork\fastspacework\sloppytory\yahooFinancePipe
17 verbose cache add [ 'mongodb@^3.0.1', null ]
18 verbose cache add name=undefined spec="mongodb@^3.0.1" args=["mongodb@^3.0.1",null]
19 verbose parsed url { protocol: null,
19 verbose parsed url   slashes: null,
19 verbose parsed url   auth: null,
19 verbose parsed url   host: null,
19 verbose parsed url   port: null,
19 verbose parsed url   hostname: null,
19 verbose parsed url   hash: null,
19 verbose parsed url   search: null,
19 verbose parsed url   query: null,
19 verbose parsed url   pathname: 'mongodb@^3.0.1',
19 verbose parsed url   path: 'mongodb@^3.0.1',
19 verbose parsed url   href: 'mongodb@^3.0.1' }
20 verbose already installed skipping request@^2.54.0 E:\fastwork\fastspacework\sloppytory\yahooFinancePipe
21 verbose cache add name="mongodb" spec="^3.0.1" args=["mongodb","^3.0.1"]
22 verbose parsed url { protocol: null,
22 verbose parsed url   slashes: null,
22 verbose parsed url   auth: null,
22 verbose parsed url   host: null,
22 verbose parsed url   port: null,
22 verbose parsed url   hostname: null,
22 verbose parsed url   hash: null,
22 verbose parsed url   search: null,
22 verbose parsed url   query: null,
22 verbose parsed url   pathname: '^3.0.1',
22 verbose parsed url   path: '^3.0.1',
22 verbose parsed url   href: '^3.0.1' }
23 verbose addNamed [ 'mongodb', '^3.0.1' ]
24 verbose addNamed [ null, '>=3.0.1-0 <4.0.0-0' ]
25 silly lockFile d592ceb1-mongodb-3-0-1 mongodb@^3.0.1
26 verbose lock mongodb@^3.0.1 C:\Users\Sergio\AppData\Roaming\npm-cache\d592ceb1-mongodb-3-0-1.lock
27 silly addNameRange { name: 'mongodb', range: '>=3.0.1-0 <4.0.0-0', hasData: false }
28 verbose request where is /mongodb
29 verbose request registry https://registry.npmjs.org/
30 verbose request id c994fe57547aaf67
31 verbose url raw /mongodb
32 verbose url resolving [ 'https://registry.npmjs.org/', './mongodb' ]
33 verbose url resolved https://registry.npmjs.org/mongodb
34 verbose request where is https://registry.npmjs.org/mongodb
35 info trying registry request attempt 1 at 00:24:54
36 verbose etag "F4O351OC0RSC05AZ0C88VQZSS"
37 http GET https://registry.npmjs.org/mongodb
38 http 304 https://registry.npmjs.org/mongodb
39 silly registry.get cb [ 304,
39 silly registry.get   { date: 'Sat, 04 Apr 2015 23:24:52 GMT',
39 silly registry.get     server: 'Apache',
39 silly registry.get     via: '1.1 varnish',
39 silly registry.get     'last-modified': 'Sat, 04 Apr 2015 23:24:52 GMT',
39 silly registry.get     'cache-control': 'max-age=60',
39 silly registry.get     etag: '"F4O351OC0RSC05AZ0C88VQZSS"',
39 silly registry.get     age: '41',
39 silly registry.get     'x-served-by': 'cache-ams4134-AMS',
39 silly registry.get     'x-cache': 'HIT',
39 silly registry.get     'x-cache-hits': '1',
39 silly registry.get     'x-timer': 'S1428189892.064774,VS0,VE2',
39 silly registry.get     vary: 'Accept',
39 silly registry.get     'content-length': '0',
39 silly registry.get     'keep-alive': 'timeout=10, max=50',
39 silly registry.get     connection: 'Keep-Alive' } ]
40 verbose etag https://registry.npmjs.org/mongodb from cache
41 silly addNameRange number 2 { name: 'mongodb', range: '>=3.0.1-0 <4.0.0-0', hasData: true }
42 silly addNameRange versions [ 'mongodb',
42 silly addNameRange   [ '0.9.4',
42 silly addNameRange     '0.9.4-4',
42 silly addNameRange     '0.9.3',
42 silly addNameRange     '0.9.1',
42 silly addNameRange     '0.9.2',
42 silly addNameRange     '0.9.6-7',
42 silly addNameRange     '0.9.6-8',
42 silly addNameRange     '0.9.6-9',
42 silly addNameRange     '0.9.6-10',
42 silly addNameRange     '0.9.6-11',
42 silly addNameRange     '0.9.6-12',
42 silly addNameRange     '0.9.6-13',
42 silly addNameRange     '0.9.6-14',
42 silly addNameRange     '0.9.6-15',
42 silly addNameRange     '0.9.6-16',
42 silly addNameRange     '0.9.6-17',
42 silly addNameRange     '0.9.6-18',
42 silly addNameRange     '0.9.6-19',
42 silly addNameRange     '0.9.6-20',
42 silly addNameRange     '0.9.6-21',
42 silly addNameRange     '0.9.6-22',
42 silly addNameRange     '0.9.6-23',
42 silly addNameRange     '0.9.7',
42 silly addNameRange     '0.9.7-0',
42 silly addNameRange     '0.9.7-1',
42 silly addNameRange     '0.9.7-1.1',
42 silly addNameRange     '0.9.7-1.2',
42 silly addNameRange     '0.9.7-1.3',
42 silly addNameRange     '0.9.7-1.4',
42 silly addNameRange     '0.9.7-2',
42 silly addNameRange     '0.9.7-2-1',
42 silly addNameRange     '0.9.7-2-2',
42 silly addNameRange     '0.9.7-2-3',
42 silly addNameRange     '0.9.7-2-4',
42 silly addNameRange     '0.9.7-2-5',
42 silly addNameRange     '0.9.7-3',
42 silly addNameRange     '0.9.7-3-1',
42 silly addNameRange     '0.9.7-3-2',
42 silly addNameRange     '0.9.7-3-3',
42 silly addNameRange     '0.9.7-3-4',
42 silly addNameRange     '0.9.7-3-5',
42 silly addNameRange     '0.9.8',
42 silly addNameRange     '0.9.8-1',
42 silly addNameRange     '0.9.8-2',
42 silly addNameRange     '0.9.8-3',
42 silly addNameRange     '0.9.8-4',
42 silly addNameRange     '0.9.8-5',
42 silly addNameRange     '0.9.8-6',
42 silly addNameRange     '0.9.8-7',
42 silly addNameRange     '0.9.9',
42 silly addNameRange     '0.9.9-1',
42 silly addNameRange     '0.9.9-2',
42 silly addNameRange     '0.9.9-3',
42 silly addNameRange     '0.9.9-4',
42 silly addNameRange     '0.9.9-5',
42 silly addNameRange     '0.9.9-6',
42 silly addNameRange     '0.9.9-7',
42 silly addNameRange     '0.9.9-8',
42 silly addNameRange     '1.0.0',
42 silly addNameRange     '1.0.1',
42 silly addNameRange     '1.0.2',
42 silly addNameRange     '1.1.0-beta',
42 silly addNameRange     '1.1.0',
42 silly addNameRange     '1.1.1',
42 silly addNameRange     '1.1.2',
42 silly addNameRange     '1.1.3',
42 silly addNameRange     '1.1.4',
42 silly addNameRange     '1.1.5',
42 silly addNameRange     '1.1.6',
42 silly addNameRange     '1.1.7',
42 silly addNameRange     '1.1.8',
42 silly addNameRange     '1.1.9',
42 silly addNameRange     '1.1.10',
42 silly addNameRange     '1.1.11',
42 silly addNameRange     '1.2.0',
42 silly addNameRange     '1.2.1',
42 silly addNameRange     '1.2.2',
42 silly addNameRange     '1.2.3',
42 silly addNameRange     '1.2.4',
42 silly addNameRange     '1.2.5',
42 silly addNameRange     '1.2.6',
42 silly addNameRange     '1.2.7',
42 silly addNameRange     '1.2.8',
42 silly addNameRange     '1.2.9',
42 silly addNameRange     '1.2.10',
42 silly addNameRange     '1.2.11',
42 silly addNameRange     '1.2.12',
42 silly addNameRange     '1.2.13',
42 silly addNameRange     '1.2.14',
42 silly addNameRange     '1.3.0',
42 silly addNameRange     '1.3.1',
42 silly addNameRange     '1.3.2',
42 silly addNameRange     '1.3.3',
42 silly addNameRange     '1.3.4',
42 silly addNameRange     '1.3.5',
42 silly addNameRange     '1.3.6',
42 silly addNameRange     '1.3.7',
42 silly addNameRange     '1.3.8',
42 silly addNameRange     '1.3.9',
42 silly addNameRange     '1.3.10',
42 silly addNameRange     '1.3.11',
42 silly addNameRange     '1.3.12',
42 silly addNameRange     '1.3.14',
42 silly addNameRange     '1.3.15',
42 silly addNameRange     '1.3.17',
42 silly addNameRange     '1.3.18',
42 silly addNameRange     '1.3.19',
42 silly addNameRange     '1.4.0-rc2',
42 silly addNameRange     '1.3.20',
42 silly addNameRange     '1.4.0-rc3',
42 silly addNameRange     '1.3.21',
42 silly addNameRange     '1.3.22',
42 silly addNameRange     '1.3.23',
42 silly addNameRange     '1.4.0-rc4',
42 silly addNameRange     '1.4.0-rc5',
42 silly addNameRange     '1.4.0-rc6',
42 silly addNameRange     '1.4.0-rc7',
42 silly addNameRange     '1.4.0-rc8',
42 silly addNameRange     '1.4.0-rc9',
42 silly addNameRange     '1.4.0-rc10',
42 silly addNameRange     '1.4.0',
42 silly addNameRange     '1.4.1',
42 silly addNameRange     '1.4.2',
42 silly addNameRange     '1.4.3',
42 silly addNameRange     '1.4.4',
42 silly addNameRange     '1.4.5',
42 silly addNameRange     '1.4.6',
42 silly addNameRange     '1.4.7',
42 silly addNameRange     '1.4.8',
42 silly addNameRange     '1.4.9',
42 silly addNameRange     '1.4.10',
42 silly addNameRange     '2.0.0-alpha1',
42 silly addNameRange     '1.4.11',
42 silly addNameRange     '1.4.12',
42 silly addNameRange     '1.4.14',
42 silly addNameRange     '1.4.15',
42 silly addNameRange     '1.4.16',
42 silly addNameRange     '1.4.17',
42 silly addNameRange     '2.0.0-alpha2',
42 silly addNameRange     '1.4.18',
42 silly addNameRange     '2.0.0',
42 silly addNameRange     '2.0.1',
42 silly addNameRange     '2.0.2',
42 silly addNameRange     '1.4.19',
42 silly addNameRange     '2.0.3',
42 silly addNameRange     '2.0.4',
42 silly addNameRange     '2.0.5',
42 silly addNameRange     '2.0.6',
42 silly addNameRange     '1.4.20',
42 silly addNameRange     '1.4.22',
42 silly addNameRange     '2.0.7',
42 silly addNameRange     '2.0.8',
42 silly addNameRange     '2.0.9',
42 silly addNameRange     '1.4.23',
42 silly addNameRange     '2.0.10',
42 silly addNameRange     '1.4.24',
42 silly addNameRange     '2.0.11',
42 silly addNameRange     '1.4.25',
42 silly addNameRange     '2.0.12',
42 silly addNameRange     '1.4.26',
42 silly addNameRange     '1.4.27',
42 silly addNameRange     '1.4.28',
42 silly addNameRange     '2.0.13',
42 silly addNameRange     '2.0.14',
42 silly addNameRange     '1.4.29',
42 silly addNameRange     '2.0.15',
42 silly addNameRange     '1.4.30',
42 silly addNameRange     '2.0.16',
42 silly addNameRange     '1.4.31',
42 silly addNameRange     '2.0.17',
42 silly addNameRange     '1.4.32',
42 silly addNameRange     '2.0.18',
42 silly addNameRange     '2.0.19',
42 silly addNameRange     '1.4.33',
42 silly addNameRange     '2.0.20',
42 silly addNameRange     '2.0.21',
42 silly addNameRange     '1.4.34',
42 silly addNameRange     '2.0.22',
42 silly addNameRange     '2.0.23',
42 silly addNameRange     '1.4.35',
42 silly addNameRange     '2.0.24',
42 silly addNameRange     '2.0.25' ] ]
43 silly lockFile d592ceb1-mongodb-3-0-1 mongodb@^3.0.1
44 silly lockFile d592ceb1-mongodb-3-0-1 mongodb@^3.0.1
45 error notarget No compatible version found: mongodb@'>=3.0.1-0 <4.0.0-0'
45 error notarget Valid install targets:
45 error notarget ["0.9.4","0.9.4-4","0.9.3","0.9.1","0.9.2","0.9.6-7","0.9.6-8","0.9.6-9","0.9.6-10","0.9.6-11","0.9.6-12","0.9.6-13","0.9.6-14","0.9.6-15","0.9.6-16","0.9.6-17","0.9.6-18","0.9.6-19","0.9.6-20","0.9.6-21","0.9.6-22","0.9.6-23","0.9.7","0.9.7-0","0.9.7-1","0.9.7-1.1","0.9.7-1.2","0.9.7-1.3","0.9.7-1.4","0.9.7-2","0.9.7-2-1","0.9.7-2-2","0.9.7-2-3","0.9.7-2-4","0.9.7-2-5","0.9.7-3","0.9.7-3-1","0.9.7-3-2","0.9.7-3-3","0.9.7-3-4","0.9.7-3-5","0.9.8","0.9.8-1","0.9.8-2","0.9.8-3","0.9.8-4","0.9.8-5","0.9.8-6","0.9.8-7","0.9.9","0.9.9-1","0.9.9-2","0.9.9-3","0.9.9-4","0.9.9-5","0.9.9-6","0.9.9-7","0.9.9-8","1.0.0","1.0.1","1.0.2","1.1.0-beta","1.1.0","1.1.1","1.1.2","1.1.3","1.1.4","1.1.5","1.1.6","1.1.7","1.1.8","1.1.9","1.1.10","1.1.11","1.2.0","1.2.1","1.2.2","1.2.3","1.2.4","1.2.5","1.2.6","1.2.7","1.2.8","1.2.9","1.2.10","1.2.11","1.2.12","1.2.13","1.2.14","1.3.0","1.3.1","1.3.2","1.3.3","1.3.4","1.3.5","1.3.6","1.3.7","1.3.8","1.3.9","1.3.10","1.3.11","1.3.12","1.3.14","1.3.15","1.3.17","1.3.18","1.3.19","1.4.0-rc2","1.3.20","1.4.0-rc3","1.3.21","1.3.22","1.3.23","1.4.0-rc4","1.4.0-rc5","1.4.0-rc6","1.4.0-rc7","1.4.0-rc8","1.4.0-rc9","1.4.0-rc10","1.4.0","1.4.1","1.4.2","1.4.3","1.4.4","1.4.5","1.4.6","1.4.7","1.4.8","1.4.9","1.4.10","2.0.0-alpha1","1.4.11","1.4.12","1.4.14","1.4.15","1.4.16","1.4.17","2.0.0-alpha2","1.4.18","2.0.0","2.0.1","2.0.2","1.4.19","2.0.3","2.0.4","2.0.5","2.0.6","1.4.20","1.4.22","2.0.7","2.0.8","2.0.9","1.4.23","2.0.10","1.4.24","2.0.11","1.4.25","2.0.12","1.4.26","1.4.27","1.4.28","2.0.13","2.0.14","1.4.29","2.0.15","1.4.30","2.0.16","1.4.31","2.0.17","1.4.32","2.0.18","2.0.19","1.4.33","2.0.20","2.0.21","1.4.34","2.0.22","2.0.23","1.4.35","2.0.24","2.0.25"]
45 error notarget
45 error notarget This is most likely not a problem with npm itself.
45 error notarget In most cases you or one of your dependencies are requesting
45 error notarget a package version that doesn't exist.
46 error System Windows_NT 6.2.9200
47 error command "E:\\fastwork\\nodejs10.35\\\\node.exe" "E:\\fastwork\\nodejs10.35\\node_modules\\npm\\bin\\npm-cli.js" "install"
48 error cwd E:\fastwork\fastspacework\sloppytory\yahooFinancePipe
49 error node -v v0.10.35
50 error npm -v 1.4.28
51 error code ETARGET
52 verbose exit [ 1, true ]
